<?xml version="1.0" encoding="UTF-8"?>
<testsuite name="com.sh.book.webService.web.PostsApiControllerTest" tests="1" skipped="0" failures="0" errors="0" timestamp="2023-02-28T01:42:08" hostname="bagseoghwan-ui-MacBookAir.local" time="0.764">
  <properties/>
  <testcase name="Posts_수정된다" classname="com.sh.book.webService.web.PostsApiControllerTest" time="0.764"/>
  <system-out><![CDATA[10:41:58.458 [Test worker] DEBUG org.springframework.test.context.junit4.SpringJUnit4ClassRunner - SpringJUnit4ClassRunner constructor called with [class com.sh.book.webService.web.PostsApiControllerTest]
10:41:58.464 [Test worker] DEBUG org.springframework.test.context.BootstrapUtils - Instantiating CacheAwareContextLoaderDelegate from class [org.springframework.test.context.cache.DefaultCacheAwareContextLoaderDelegate]
10:41:58.470 [Test worker] DEBUG org.springframework.test.context.BootstrapUtils - Instantiating BootstrapContext using constructor [public org.springframework.test.context.support.DefaultBootstrapContext(java.lang.Class,org.springframework.test.context.CacheAwareContextLoaderDelegate)]
10:41:58.565 [Test worker] DEBUG org.springframework.test.context.BootstrapUtils - Instantiating TestContextBootstrapper for test class [com.sh.book.webService.web.PostsApiControllerTest] from class [org.springframework.boot.test.context.SpringBootTestContextBootstrapper]
10:41:58.600 [Test worker] INFO org.springframework.boot.test.context.SpringBootTestContextBootstrapper - Neither @ContextConfiguration nor @ContextHierarchy found for test class [com.sh.book.webService.web.PostsApiControllerTest], using SpringBootContextLoader
10:41:58.603 [Test worker] DEBUG org.springframework.test.context.support.AbstractContextLoader - Did not detect default resource location for test class [com.sh.book.webService.web.PostsApiControllerTest]: class path resource [com/sh/book/webService/web/PostsApiControllerTest-context.xml] does not exist
10:41:58.603 [Test worker] DEBUG org.springframework.test.context.support.AbstractContextLoader - Did not detect default resource location for test class [com.sh.book.webService.web.PostsApiControllerTest]: class path resource [com/sh/book/webService/web/PostsApiControllerTestContext.groovy] does not exist
10:41:58.603 [Test worker] INFO org.springframework.test.context.support.AbstractContextLoader - Could not detect default resource locations for test class [com.sh.book.webService.web.PostsApiControllerTest]: no resource found for suffixes {-context.xml, Context.groovy}.
10:41:58.604 [Test worker] INFO org.springframework.test.context.support.AnnotationConfigContextLoaderUtils - Could not detect default configuration classes for test class [com.sh.book.webService.web.PostsApiControllerTest]: PostsApiControllerTest does not declare any static, non-private, non-final, nested classes annotated with @Configuration.
10:41:58.661 [Test worker] DEBUG org.springframework.test.context.support.ActiveProfilesUtils - Could not find an 'annotation declaring class' for annotation type [org.springframework.test.context.ActiveProfiles] and class [com.sh.book.webService.web.PostsApiControllerTest]
10:41:58.817 [Test worker] DEBUG org.springframework.context.annotation.ClassPathScanningCandidateComponentProvider - Identified candidate component class: file [/Users/seokhwan/code/WebService/webService/build/classes/java/main/com/sh/book/webService/Application.class]
10:41:58.819 [Test worker] INFO org.springframework.boot.test.context.SpringBootTestContextBootstrapper - Found @SpringBootConfiguration com.sh.book.webService.Application for test class com.sh.book.webService.web.PostsApiControllerTest
10:41:58.925 [Test worker] DEBUG org.springframework.boot.test.context.SpringBootTestContextBootstrapper - @TestExecutionListeners is not present for class [com.sh.book.webService.web.PostsApiControllerTest]: using defaults.
10:41:58.926 [Test worker] INFO org.springframework.boot.test.context.SpringBootTestContextBootstrapper - Loaded default TestExecutionListener class names from location [META-INF/spring.factories]: [org.springframework.boot.test.autoconfigure.restdocs.RestDocsTestExecutionListener, org.springframework.boot.test.autoconfigure.web.client.MockRestServiceServerResetTestExecutionListener, org.springframework.boot.test.autoconfigure.web.servlet.MockMvcPrintOnlyOnFailureTestExecutionListener, org.springframework.boot.test.autoconfigure.web.servlet.WebDriverTestExecutionListener, org.springframework.boot.test.mock.mockito.MockitoTestExecutionListener, org.springframework.boot.test.mock.mockito.ResetMocksTestExecutionListener, org.springframework.test.context.web.ServletTestExecutionListener, org.springframework.test.context.support.DirtiesContextBeforeModesTestExecutionListener, org.springframework.test.context.support.DependencyInjectionTestExecutionListener, org.springframework.test.context.support.DirtiesContextTestExecutionListener, org.springframework.test.context.transaction.TransactionalTestExecutionListener, org.springframework.test.context.jdbc.SqlScriptsTestExecutionListener]
10:41:58.942 [Test worker] INFO org.springframework.boot.test.context.SpringBootTestContextBootstrapper - Using TestExecutionListeners: [org.springframework.test.context.web.ServletTestExecutionListener@70cf32e3, org.springframework.test.context.support.DirtiesContextBeforeModesTestExecutionListener@5a59ca5e, org.springframework.boot.test.mock.mockito.MockitoTestExecutionListener@4bdeaabb, org.springframework.boot.test.autoconfigure.SpringBootDependencyInjectionTestExecutionListener@6c4906d3, org.springframework.test.context.support.DirtiesContextTestExecutionListener@65987993, org.springframework.test.context.transaction.TransactionalTestExecutionListener@71075444, org.springframework.test.context.jdbc.SqlScriptsTestExecutionListener@4f32a3ad, org.springframework.boot.test.autoconfigure.restdocs.RestDocsTestExecutionListener@6b695b06, org.springframework.boot.test.autoconfigure.web.client.MockRestServiceServerResetTestExecutionListener@4d1bf319, org.springframework.boot.test.autoconfigure.web.servlet.MockMvcPrintOnlyOnFailureTestExecutionListener@6f53b8a, org.springframework.boot.test.autoconfigure.web.servlet.WebDriverTestExecutionListener@5c80cf32, org.springframework.boot.test.mock.mockito.ResetMocksTestExecutionListener@7d900ecf]
10:41:58.947 [Test worker] DEBUG org.springframework.test.annotation.ProfileValueUtils - Retrieved @ProfileValueSourceConfiguration [null] for test class [com.sh.book.webService.web.PostsApiControllerTest]
10:41:58.948 [Test worker] DEBUG org.springframework.test.annotation.ProfileValueUtils - Retrieved ProfileValueSource type [class org.springframework.test.annotation.SystemProfileValueSource] for class [com.sh.book.webService.web.PostsApiControllerTest]
10:41:58.951 [Test worker] DEBUG org.springframework.test.annotation.ProfileValueUtils - Retrieved @ProfileValueSourceConfiguration [null] for test class [com.sh.book.webService.web.PostsApiControllerTest]
10:41:58.951 [Test worker] DEBUG org.springframework.test.annotation.ProfileValueUtils - Retrieved ProfileValueSource type [class org.springframework.test.annotation.SystemProfileValueSource] for class [com.sh.book.webService.web.PostsApiControllerTest]
10:41:58.953 [Test worker] DEBUG org.springframework.test.annotation.ProfileValueUtils - Retrieved @ProfileValueSourceConfiguration [null] for test class [com.sh.book.webService.web.PostsApiControllerTest]
10:41:58.953 [Test worker] DEBUG org.springframework.test.annotation.ProfileValueUtils - Retrieved ProfileValueSource type [class org.springframework.test.annotation.SystemProfileValueSource] for class [com.sh.book.webService.web.PostsApiControllerTest]
10:41:58.956 [Test worker] DEBUG org.springframework.test.annotation.ProfileValueUtils - Retrieved @ProfileValueSourceConfiguration [null] for test class [com.sh.book.webService.web.PostsApiControllerTest]
10:41:58.956 [Test worker] DEBUG org.springframework.test.annotation.ProfileValueUtils - Retrieved ProfileValueSource type [class org.springframework.test.annotation.SystemProfileValueSource] for class [com.sh.book.webService.web.PostsApiControllerTest]
10:41:58.958 [Test worker] DEBUG org.springframework.test.annotation.ProfileValueUtils - Retrieved @ProfileValueSourceConfiguration [null] for test class [com.sh.book.webService.web.PostsApiControllerTest]
10:41:58.958 [Test worker] DEBUG org.springframework.test.annotation.ProfileValueUtils - Retrieved ProfileValueSource type [class org.springframework.test.annotation.SystemProfileValueSource] for class [com.sh.book.webService.web.PostsApiControllerTest]
10:41:58.965 [Test worker] DEBUG org.springframework.test.context.support.AbstractDirtiesContextTestExecutionListener - Before test class: context [DefaultTestContext@50378a4 testClass = PostsApiControllerTest, testInstance = [null], testMethod = [null], testException = [null], mergedContextConfiguration = [WebMergedContextConfiguration@60f00693 testClass = PostsApiControllerTest, locations = '{}', classes = '{class com.sh.book.webService.Application}', contextInitializerClasses = '[]', activeProfiles = '{}', propertySourceLocations = '{}', propertySourceProperties = '{org.springframework.boot.test.context.SpringBootTestContextBootstrapper=true, server.port=0}', contextCustomizers = set[org.springframework.boot.test.autoconfigure.properties.PropertyMappingContextCustomizer@0, org.springframework.boot.test.autoconfigure.web.servlet.WebDriverContextCustomizerFactory$Customizer@55b699ef, org.springframework.boot.test.context.filter.ExcludeFilterContextCustomizer@145f66e3, org.springframework.boot.test.json.DuplicateJsonObjectContextCustomizerFactory$DuplicateJsonObjectContextCustomizer@4562e04d, org.springframework.boot.test.mock.mockito.MockitoContextCustomizer@0, org.springframework.boot.test.web.client.TestRestTemplateContextCustomizer@4802796d], resourceBasePath = 'src/main/webapp', contextLoader = 'org.springframework.boot.test.context.SpringBootContextLoader', parent = [null]], attributes = map['org.springframework.test.context.web.ServletTestExecutionListener.activateListener' -> false]], class annotated with @DirtiesContext [false] with mode [null].
10:41:58.966 [Test worker] DEBUG org.springframework.test.annotation.ProfileValueUtils - Retrieved @ProfileValueSourceConfiguration [null] for test class [com.sh.book.webService.web.PostsApiControllerTest]
10:41:58.966 [Test worker] DEBUG org.springframework.test.annotation.ProfileValueUtils - Retrieved ProfileValueSource type [class org.springframework.test.annotation.SystemProfileValueSource] for class [com.sh.book.webService.web.PostsApiControllerTest]
10:41:58.972 [Test worker] DEBUG org.springframework.test.context.support.DependencyInjectionTestExecutionListener - Performing dependency injection for test context [[DefaultTestContext@50378a4 testClass = PostsApiControllerTest, testInstance = com.sh.book.webService.web.PostsApiControllerTest@58e1d9d, testMethod = [null], testException = [null], mergedContextConfiguration = [WebMergedContextConfiguration@60f00693 testClass = PostsApiControllerTest, locations = '{}', classes = '{class com.sh.book.webService.Application}', contextInitializerClasses = '[]', activeProfiles = '{}', propertySourceLocations = '{}', propertySourceProperties = '{org.springframework.boot.test.context.SpringBootTestContextBootstrapper=true, server.port=0}', contextCustomizers = set[org.springframework.boot.test.autoconfigure.properties.PropertyMappingContextCustomizer@0, org.springframework.boot.test.autoconfigure.web.servlet.WebDriverContextCustomizerFactory$Customizer@55b699ef, org.springframework.boot.test.context.filter.ExcludeFilterContextCustomizer@145f66e3, org.springframework.boot.test.json.DuplicateJsonObjectContextCustomizerFactory$DuplicateJsonObjectContextCustomizer@4562e04d, org.springframework.boot.test.mock.mockito.MockitoContextCustomizer@0, org.springframework.boot.test.web.client.TestRestTemplateContextCustomizer@4802796d], resourceBasePath = 'src/main/webapp', contextLoader = 'org.springframework.boot.test.context.SpringBootContextLoader', parent = [null]], attributes = map['org.springframework.test.context.web.ServletTestExecutionListener.activateListener' -> false]]].
10:41:59.022 [Test worker] DEBUG org.springframework.test.context.support.TestPropertySourceUtils - Adding inlined properties to environment: {spring.jmx.enabled=false, org.springframework.boot.test.context.SpringBootTestContextBootstrapper=true, server.port=0}

  .   ____          _            __ _ _
 /\\ / ___'_ __ _ _(_)_ __  __ _ \ \ \ \
( ( )\___ | '_ | '_| | '_ \/ _` | \ \ \ \
 \\/  ___)| |_)| | | | | || (_| |  ) ) ) )
  '  |____| .__|_| |_|_| |_\__, | / / / /
 =========|_|==============|___/=/_/_/_/
 :: Spring Boot ::        (v2.1.9.RELEASE)

2023-02-28 10:41:59.647  INFO 56969 --- [    Test worker] c.s.b.w.web.PostsApiControllerTest       : Starting PostsApiControllerTest on bagseoghwan-ui-MacBookAir.local with PID 56969 (started by seokhwan in /Users/seokhwan/code/WebService/webService)
2023-02-28 10:41:59.649  INFO 56969 --- [    Test worker] c.s.b.w.web.PostsApiControllerTest       : No active profile set, falling back to default profiles: default
2023-02-28 10:42:01.009  INFO 56969 --- [    Test worker] .s.d.r.c.RepositoryConfigurationDelegate : Bootstrapping Spring Data repositories in DEFAULT mode.
2023-02-28 10:42:01.122  INFO 56969 --- [    Test worker] .s.d.r.c.RepositoryConfigurationDelegate : Finished Spring Data repository scanning in 100ms. Found 1 repository interfaces.
2023-02-28 10:42:01.949  INFO 56969 --- [    Test worker] trationDelegate$BeanPostProcessorChecker : Bean 'org.springframework.transaction.annotation.ProxyTransactionManagementConfiguration' of type [org.springframework.transaction.annotation.ProxyTransactionManagementConfiguration$$EnhancerBySpringCGLIB$$6a34fe19] is not eligible for getting processed by all BeanPostProcessors (for example: not eligible for auto-proxying)
2023-02-28 10:42:02.793  INFO 56969 --- [    Test worker] o.s.b.w.embedded.tomcat.TomcatWebServer  : Tomcat initialized with port(s): 0 (http)
2023-02-28 10:42:02.840  INFO 56969 --- [    Test worker] o.apache.catalina.core.StandardService   : Starting service [Tomcat]
2023-02-28 10:42:02.840  INFO 56969 --- [    Test worker] org.apache.catalina.core.StandardEngine  : Starting Servlet engine: [Apache Tomcat/9.0.26]
2023-02-28 10:42:02.991  INFO 56969 --- [    Test worker] o.a.c.c.C.[Tomcat].[localhost].[/]       : Initializing Spring embedded WebApplicationContext
2023-02-28 10:42:02.992  INFO 56969 --- [    Test worker] o.s.web.context.ContextLoader            : Root WebApplicationContext: initialization completed in 3295 ms
2023-02-28 10:42:03.521  INFO 56969 --- [    Test worker] com.zaxxer.hikari.HikariDataSource       : HikariPool-1 - Starting...
2023-02-28 10:42:03.705  INFO 56969 --- [    Test worker] com.zaxxer.hikari.HikariDataSource       : HikariPool-1 - Start completed.
2023-02-28 10:42:04.014  INFO 56969 --- [    Test worker] o.hibernate.jpa.internal.util.LogHelper  : HHH000204: Processing PersistenceUnitInfo [
	name: default
	...]
2023-02-28 10:42:04.112  INFO 56969 --- [    Test worker] org.hibernate.Version                    : HHH000412: Hibernate Core {5.3.12.Final}
2023-02-28 10:42:04.118  INFO 56969 --- [    Test worker] org.hibernate.cfg.Environment            : HHH000206: hibernate.properties not found
2023-02-28 10:42:04.377  INFO 56969 --- [    Test worker] o.hibernate.annotations.common.Version   : HCANN000001: Hibernate Commons Annotations {5.0.4.Final}
2023-02-28 10:42:04.527  INFO 56969 --- [    Test worker] org.hibernate.dialect.Dialect            : HHH000400: Using dialect: org.hibernate.dialect.H2Dialect
Hibernate: drop table posts if exists
Hibernate: create table posts (id bigint generated by default as identity, author varchar(255), content TEXT not null, title varchar(500) not null, primary key (id))
2023-02-28 10:42:05.112  INFO 56969 --- [    Test worker] o.h.t.schema.internal.SchemaCreatorImpl  : HHH000476: Executing import script 'org.hibernate.tool.schema.internal.exec.ScriptSourceInputNonExistentImpl@721bf7ad'
2023-02-28 10:42:05.117  INFO 56969 --- [    Test worker] j.LocalContainerEntityManagerFactoryBean : Initialized JPA EntityManagerFactory for persistence unit 'default'
2023-02-28 10:42:05.677  INFO 56969 --- [    Test worker] o.h.h.i.QueryTranslatorFactoryInitiator  : HHH000397: Using ASTQueryTranslatorFactory
2023-02-28 10:42:07.125  INFO 56969 --- [    Test worker] o.s.s.concurrent.ThreadPoolTaskExecutor  : Initializing ExecutorService 'applicationTaskExecutor'
2023-02-28 10:42:07.250  WARN 56969 --- [    Test worker] aWebConfiguration$JpaWebMvcConfiguration : spring.jpa.open-in-view is enabled by default. Therefore, database queries may be performed during view rendering. Explicitly configure spring.jpa.open-in-view to disable this warning
2023-02-28 10:42:07.689  WARN 56969 --- [    Test worker] o.s.b.a.m.MustacheAutoConfiguration      : Cannot find template location: classpath:/templates/ (please add some templates, check your Mustache configuration, or set spring.mustache.check-template-location=false)
2023-02-28 10:42:08.254  INFO 56969 --- [    Test worker] o.s.b.w.embedded.tomcat.TomcatWebServer  : Tomcat started on port(s): 59484 (http) with context path ''
2023-02-28 10:42:08.258  INFO 56969 --- [    Test worker] c.s.b.w.web.PostsApiControllerTest       : Started PostsApiControllerTest in 9.233 seconds (JVM running for 10.837)
Hibernate: insert into posts (id, author, content, title) values (null, ?, ?, ?)
2023-02-28 10:42:08.590  INFO 56969 --- [o-auto-1-exec-1] o.a.c.c.C.[Tomcat].[localhost].[/]       : Initializing Spring DispatcherServlet 'dispatcherServlet'
2023-02-28 10:42:08.592  INFO 56969 --- [o-auto-1-exec-1] o.s.web.servlet.DispatcherServlet        : Initializing Servlet 'dispatcherServlet'
2023-02-28 10:42:08.631  INFO 56969 --- [o-auto-1-exec-1] o.s.web.servlet.DispatcherServlet        : Completed initialization in 39 ms
Hibernate: select posts0_.id as id1_0_0_, posts0_.author as author2_0_0_, posts0_.content as content3_0_0_, posts0_.title as title4_0_0_ from posts posts0_ where posts0_.id=?
Hibernate: update posts set author=?, content=?, title=? where id=?
Hibernate: select posts0_.id as id1_0_, posts0_.author as author2_0_, posts0_.content as content3_0_, posts0_.title as title4_0_ from posts posts0_
Hibernate: select posts0_.id as id1_0_, posts0_.author as author2_0_, posts0_.content as content3_0_, posts0_.title as title4_0_ from posts posts0_
Hibernate: delete from posts where id=?
]]></system-out>
  <system-err><![CDATA[]]></system-err>
</testsuite>
